<?xml version="1.0" encoding="UTF-8"?>
<robot generator="Robot 7.1 (Python 3.10.11 on win32)" generated="2024-10-01T20:32:36.907492" rpa="false" schemaversion="5">
<suite id="s1" name="Exercicio Amazon" source="C:\Users\bnutec.ANIMAEDU\Documents\exercicio_amazon.robot\exercicio_amazon.robot">
<test id="s1-t1" name="Pesquisa de Smartphone na Amazon" line="10">
<kw name="Open Browser" owner="SeleniumLibrary">
<msg time="2024-10-01T20:32:37.409774" level="INFO">Opening browser 'Chrome' to base url 'https://www.amazon.com.br'.</msg>
<arg>${URL}</arg>
<arg>${BROWSER}</arg>
<doc>Opens a new browser instance to the optional ``url``.</doc>
<status status="PASS" start="2024-10-01T20:32:37.408775" elapsed="9.134788"/>
</kw>
<kw name="Input Text" owner="SeleniumLibrary">
<msg time="2024-10-01T20:32:46.570547" level="INFO">Typing text 'smartphone' into text field 'id=twotabsearchtextbox'.</msg>
<arg>id=twotabsearchtextbox</arg>
<arg>${PRODUTO}</arg>
<doc>Types the given ``text`` into the text field identified by ``locator``.</doc>
<status status="PASS" start="2024-10-01T20:32:46.569547" elapsed="0.576646"/>
</kw>
<kw name="Click Button" owner="SeleniumLibrary">
<msg time="2024-10-01T20:32:47.164183" level="INFO">Clicking button 'id=nav-search-submit-button'.</msg>
<arg>id=nav-search-submit-button</arg>
<doc>Clicks the button identified by ``locator``.</doc>
<status status="PASS" start="2024-10-01T20:32:47.164183" elapsed="2.977088"/>
</kw>
<kw name="Page Should Contain" owner="SeleniumLibrary">
<msg time="2024-10-01T20:32:50.214225" level="INFO">Current page contains text 'smartphone'.</msg>
<arg>${PRODUTO}</arg>
<doc>Verifies that current page contains ``text``.</doc>
<status status="PASS" start="2024-10-01T20:32:50.142269" elapsed="0.071956"/>
</kw>
<kw name="Close Browser" owner="SeleniumLibrary">
<doc>Closes the current browser.</doc>
<status status="PASS" start="2024-10-01T20:32:50.236213" elapsed="3.057006"/>
</kw>
<doc>Busca por um produto na Amazon e verifica se está presente na página.</doc>
<status status="PASS" start="2024-10-01T20:32:37.406776" elapsed="15.887250"/>
</test>
<status status="PASS" start="2024-10-01T20:32:36.911489" elapsed="16.383598"/>
</suite>
<statistics>
<total>
<stat pass="1" fail="0" skip="0">All Tests</stat>
</total>
<tag>
</tag>
<suite>
<stat pass="1" fail="0" skip="0" id="s1" name="Exercicio Amazon">Exercicio Amazon</stat>
</suite>
</statistics>
<errors>
</errors>
</robot>
